<?xml version="1.0" encoding="UTF-8"?>
<!-- Generated by org.testng.reporters.JUnitReportReporter -->
<testsuite hostname="DESKTOP-4U4T30O" failures="0" tests="1" name="mavenforjenkins.UITest" time="19.730" errors="0" timestamp="2023-06-02T07:55:52 IST" skipped="0">
  <testcase classname="mavenforjenkins.UITest" name="startBrowser" time="19.730"/>
  <system-out/>
</testsuite> <!-- mavenforjenkins.UITest -->
